<?xml version="1.0" encoding="UTF-8"?>
<!-- Generated by org.testng.reporters.JUnitReportReporter -->
<testsuite skipped="0" hostname="Testing-PC" name="com.computech.testcases.TC1_Login" tests="1" failures="0" timestamp="2021-02-19T12:58:24 IST" time="5.577" errors="0">
  <testcase name="login" time="5.577" classname="com.computech.testcases.TC1_Login"/>
</testsuite> <!-- com.computech.testcases.TC1_Login -->
