<?xml version="1.0" encoding="UTF-8"?>
<!-- Generated by org.testng.reporters.JUnitReportReporter -->
<testsuite skipped="0" hostname="Testing-PC" name="com.computech.unittest.TestBrowserFactory" tests="1" failures="0" timestamp="2021-02-17T12:35:20 IST" time="13.030" errors="0">
  <testcase name="browserLib" time="13.030" classname="com.computech.unittest.TestBrowserFactory"/>
</testsuite> <!-- com.computech.unittest.TestBrowserFactory -->
