<?xml version="1.0" encoding="UTF-8"?>
<!-- Generated by org.testng.reporters.JUnitReportReporter -->
<testsuite skipped="0" hostname="Testing-PC" name="com.computech.unittest.TestConfigProvider" tests="1" failures="0" timestamp="2021-02-16T13:12:17 IST" time="0.011" errors="0">
  <testcase name="testConfigLib" time="0.011" classname="com.computech.unittest.TestConfigProvider"/>
  <system-out/>
</testsuite> <!-- com.computech.unittest.TestConfigProvider -->
