<?xml version="1.0" encoding="UTF-8"?>
<!-- Generated by org.testng.reporters.JUnitReportReporter -->
<testsuite skipped="0" hostname="Testing-PC" name="com.computech.testcases.TC2_Logout" tests="1" failures="0" timestamp="2021-02-19T12:14:54 IST" time="6.311" errors="0">
  <testcase name="logout" time="6.311" classname="com.computech.testcases.TC2_Logout"/>
</testsuite> <!-- com.computech.testcases.TC2_Logout -->
