<?xml version="1.0" encoding="UTF-8"?>
<!-- Generated by org.testng.reporters.JUnitReportReporter -->
<testsuite skipped="0" hostname="Testing-PC" name="com.computech.unittest.TestExcelReader" tests="1" failures="0" timestamp="2021-02-16T12:56:09 IST" time="0.733" errors="0">
  <testcase name="testExcelLib" time="0.733" classname="com.computech.unittest.TestExcelReader"/>
  <system-out/>
</testsuite> <!-- com.computech.unittest.TestExcelReader -->
