<?xml version="1.0" encoding="UTF-8"?>
<!-- Generated by org.testng.reporters.JUnitReportReporter -->
<testsuite skipped="0" hostname="Testing-PC" name="com.computech.testcases.TC3_Login_DDF" tests="1" failures="0" timestamp="2021-02-19T12:31:24 IST" time="5.655" errors="0">
  <testcase name="login" time="5.655" classname="com.computech.testcases.TC3_Login_DDF"/>
</testsuite> <!-- com.computech.testcases.TC3_Login_DDF -->
