<?xml version="1.0" encoding="UTF-8"?>
<!-- Generated by org.testng.reporters.JUnitReportReporter -->
<testsuite skipped="0" hostname="Testing-PC" name="com.computech.testcases.TC4_EndToEndTest" tests="2" failures="0" timestamp="2021-02-25T12:34:46 IST" time="18.749" errors="0">
  <testcase name="login" time="11.775" classname="com.computech.testcases.TC4_EndToEndTest"/>
  <testcase name="logout" time="6.974" classname="com.computech.testcases.TC4_EndToEndTest"/>
</testsuite> <!-- com.computech.testcases.TC4_EndToEndTest -->
